<?xml version="1.0" encoding="UTF-8"?>
<testng-results skipped="0" failed="0" ignored="0" total="1" passed="1">
  <reporter-output>
  </reporter-output>
  <suite name="Suite" duration-ms="10904" started-at="2020-07-16T07:55:24Z" finished-at="2020-07-16T07:55:35Z">
    <groups>
    </groups>
    <test name="Test" duration-ms="10904" started-at="2020-07-16T07:55:24Z" finished-at="2020-07-16T07:55:35Z">
      <class name="basics.FbLogin">
        <test-method status="PASS" signature="setUpChrome()[pri:0, instance:basics.FbLogin@286778]" name="setUpChrome" is-config="true" duration-ms="8520" started-at="2020-07-16T07:55:24Z" finished-at="2020-07-16T07:55:33Z">
          <reporter-output>
          </reporter-output>
        </test-method> <!-- setUpChrome -->
        <test-method status="PASS" signature="verifyTitle()[pri:0, instance:basics.FbLogin@286778]" name="verifyTitle" duration-ms="13" started-at="2020-07-16T07:55:33Z" finished-at="2020-07-16T07:55:33Z">
          <reporter-output>
          </reporter-output>
        </test-method> <!-- verifyTitle -->
        <test-method status="PASS" signature="tearDown()[pri:0, instance:basics.FbLogin@286778]" name="tearDown" is-config="true" duration-ms="2352" started-at="2020-07-16T07:55:33Z" finished-at="2020-07-16T07:55:35Z">
          <reporter-output>
          </reporter-output>
        </test-method> <!-- tearDown -->
      </class> <!-- basics.FbLogin -->
    </test> <!-- Test -->
  </suite> <!-- Suite -->
</testng-results>
